<?xml version="1.0" encoding="UTF-8"?>
<!-- Generated by org.testng.reporters.JUnitReportReporter -->
<testsuite hostname="DESKTOP-PORQCT3" failures="0" tests="5" name="test.EPS2" time="14.416" errors="0" timestamp="2023-02-05T23:59:27 IST" skipped="0">
  <testcase classname="test.EPS2" name="verifytheStatusCode" time="5.886"/>
  <system-out/>
  <testcase classname="test.EPS2" name="verifyStatusLine" time="1.933"/>
  <system-out/>
  <testcase classname="test.EPS2" name="verifyStatuResponseTime" time="2.140"/>
  <system-out/>
  <testcase classname="test.EPS2" name="verifyInvalidAuth" time="1.943"/>
  <system-out/>
  <testcase classname="test.EPS2" name="verifyNo4Region" time="2.514"/>
  <system-out/>
</testsuite> <!-- test.EPS2 -->
