<?xml version="1.0" encoding="UTF-8"?>
<!-- Generated by org.testng.reporters.JUnitReportReporter -->
<testsuite hostname="DESKTOP-PORQCT3" failures="0" tests="1" name="test.EPS" time="4.784" errors="0" timestamp="2023-02-04T23:03:01 IST" skipped="0">
  <testcase classname="test.EPS" name="verify" time="4.784"/>
  <system-out/>
</testsuite> <!-- test.EPS -->
